# JRE version: Java(TM) SE Runtime Environment (8.0_20-b26) (build 1.8.0_20-b26)
# Java VM: Java HotSpot(TM) 64-Bit Server VM (25.20-b23 mixed mode bsd-amd64 compressed oops)
Heap:
 PSYoungGen      total 76288K, used 23154K [0x000000076ab00000, 0x0000000773600000, 0x00000007c0000000)
  eden space 65536K, 25% used [0x000000076ab00000,0x000000076bb53b70,0x000000076eb00000)
  from space 10752K, 59% used [0x000000076eb00000,0x000000076f148e70,0x000000076f580000)
  to   space 10752K, 0% used [0x0000000772b80000,0x0000000772b80000,0x0000000773600000)
 ParOldGen       total 88064K, used 4262K [0x00000006c0000000, 0x00000006c5600000, 0x000000076ab00000)
  object space 88064K, 4% used [0x00000006c0000000,0x00000006c0429940,0x00000006c5600000)
 Metaspace       used 23213K, capacity 23718K, committed 24064K, reserved 1071104K
  class space    used 3137K, capacity 3232K, committed 3328K, reserved 1048576K
GC Heap History (8 events):
Event: 5.867 GC heap before
{Heap before GC invocations=1 (full 0):
 PSYoungGen      total 76288K, used 65536K [0x000000076ab00000, 0x0000000770000000, 0x00000007c0000000)
  eden space 65536K, 100% used [0x000000076ab00000,0x000000076eb00000,0x000000076eb00000)
  from space 10752K, 0% used [0x000000076f580000,0x000000076f580000,0x0000000770000000)
  to   space 10752K, 0% used [0x000000076eb00000,0x000000076eb00000,0x000000076f580000)
 ParOldGen       total 175104K, used 0K [0x00000006c0000000, 0x00000006cab00000, 0x000000076ab00000)
  object space 175104K, 0% used [0x00000006c0000000,0x00000006c0000000,0x00000006cab00000)
 Metaspace       used 20561K, capacity 20784K, committed 20992K, reserved 1067008K
  class space    used 2872K, capacity 2957K, committed 3072K, reserved 1048576K
Event: 5.878 GC heap after
Heap after GC invocations=1 (full 0):
 PSYoungGen      total 76288K, used 10744K [0x000000076ab00000, 0x0000000770000000, 0x00000007c0000000)
  eden space 65536K, 0% used [0x000000076ab00000,0x000000076ab00000,0x000000076eb00000)
  from space 10752K, 99% used [0x000000076eb00000,0x000000076f57e2f0,0x000000076f580000)
  to   space 10752K, 0% used [0x000000076f580000,0x000000076f580000,0x0000000770000000)
 ParOldGen       total 175104K, used 7905K [0x00000006c0000000, 0x00000006cab00000, 0x000000076ab00000)
  object space 175104K, 4% used [0x00000006c0000000,0x00000006c07b8470,0x00000006cab00000)
 Metaspace       used 20561K, capacity 20784K, committed 20992K, reserved 1067008K
  class space    used 2872K, capacity 2957K, committed 3072K, reserved 1048576K
}
Event: 5.937 GC heap before
{Heap before GC invocations=2 (full 0):
 PSYoungGen      total 76288K, used 50919K [0x000000076ab00000, 0x0000000770000000, 0x00000007c0000000)
  eden space 65536K, 61% used [0x000000076ab00000,0x000000076d23bc58,0x000000076eb00000)
  from space 10752K, 99% used [0x000000076eb00000,0x000000076f57e2f0,0x000000076f580000)
  to   space 10752K, 0% used [0x000000076f580000,0x000000076f580000,0x0000000770000000)
 ParOldGen       total 175104K, used 7905K [0x00000006c0000000, 0x00000006cab00000, 0x000000076ab00000)
  object space 175104K, 4% used [0x00000006c0000000,0x00000006c07b8470,0x00000006cab00000)
 Metaspace       used 20791K, capacity 21108K, committed 21248K, reserved 1067008K
  class space    used 2906K, capacity 2979K, committed 3072K, reserved 1048576K
Event: 5.941 GC heap after
Heap after GC invocations=2 (full 0):
 PSYoungGen      total 76288K, used 3127K [0x000000076ab00000, 0x0000000774000000, 0x00000007c0000000)
  eden space 65536K, 0% used [0x000000076ab00000,0x000000076ab00000,0x000000076eb00000)
  from space 10752K, 29% used [0x000000076f580000,0x000000076f88dde0,0x0000000770000000)
  to   space 10752K, 0% used [0x000000076eb00000,0x000000076eb00000,0x000000076f580000)
 ParOldGen       total 175104K, used 7913K [0x00000006c0000000, 0x00000006cab00000, 0x000000076ab00000)
  object space 175104K, 4% used [0x00000006c0000000,0x00000006c07ba470,0x00000006cab00000)
 Metaspace       used 20791K, capacity 21108K, committed 21248K, reserved 1067008K
  class space    used 2906K, capacity 2979K, committed 3072K, reserved 1048576K
}
Event: 5.941 GC heap before
{Heap before GC invocations=3 (full 1):
 PSYoungGen      total 76288K, used 3127K [0x000000076ab00000, 0x0000000774000000, 0x00000007c0000000)
  eden space 65536K, 0% used [0x000000076ab00000,0x000000076ab00000,0x000000076eb00000)
  from space 10752K, 29% used [0x000000076f580000,0x000000076f88dde0,0x0000000770000000)
  to   space 10752K, 0% used [0x000000076eb00000,0x000000076eb00000,0x000000076f580000)
 ParOldGen       total 175104K, used 7913K [0x00000006c0000000, 0x00000006cab00000, 0x000000076ab00000)
  object space 175104K, 4% used [0x00000006c0000000,0x00000006c07ba470,0x00000006cab00000)
 Metaspace       used 20791K, capacity 21108K, committed 21248K, reserved 1067008K
  class space    used 2906K, capacity 2979K, committed 3072K, reserved 1048576K
Event: 5.965 GC heap after
Heap after GC invocations=3 (full 1):
 PSYoungGen      total 76288K, used 0K [0x000000076ab00000, 0x0000000774000000, 0x00000007c0000000)
  eden space 65536K, 0% used [0x000000076ab00000,0x000000076ab00000,0x000000076eb00000)
  from space 10752K, 0% used [0x000000076f580000,0x000000076f580000,0x0000000770000000)
  to   space 10752K, 0% used [0x000000076eb00000,0x000000076eb00000,0x000000076f580000)
 ParOldGen       total 88064K, used 4254K [0x00000006c0000000, 0x00000006c5600000, 0x000000076ab00000)
  object space 88064K, 4% used [0x00000006c0000000,0x00000006c0427940,0x00000006c5600000)
 Metaspace       used 20790K, capacity 21106K, committed 21248K, reserved 1067008K
  class space    used 2905K, capacity 2978K, committed 3072K, reserved 1048576K
}
Event: 6.479 GC heap before
{Heap before GC invocations=4 (full 1):
 PSYoungGen      total 76288K, used 59231K [0x000000076ab00000, 0x0000000774000000, 0x00000007c0000000)
  eden space 65536K, 90% used [0x000000076ab00000,0x000000076e4d7f10,0x000000076eb00000)
  from space 10752K, 0% used [0x000000076f580000,0x000000076f580000,0x0000000770000000)
  to   space 10752K, 0% used [0x000000076eb00000,0x000000076eb00000,0x000000076f580000)
 ParOldGen       total 88064K, used 4254K [0x00000006c0000000, 0x00000006c5600000, 0x000000076ab00000)
  object space 88064K, 4% used [0x00000006c0000000,0x00000006c0427940,0x00000006c5600000)
 Metaspace       used 23213K, capacity 23718K, committed 24064K, reserved 1071104K
  class space    used 3137K, capacity 3232K, committed 3328K, reserved 1048576K
Event: 6.481 GC heap after
Heap after GC invocations=4 (full 1):
 PSYoungGen      total 76288K, used 6435K [0x000000076ab00000, 0x0000000773600000, 0x00000007c0000000)
  eden space 65536K, 0% used [0x000000076ab00000,0x000000076ab00000,0x000000076eb00000)
  from space 10752K, 59% used [0x000000076eb00000,0x000000076f148e70,0x000000076f580000)
  to   space 10752K, 0% used [0x0000000772b80000,0x0000000772b80000,0x0000000773600000)
 ParOldGen       total 88064K, used 4262K [0x00000006c0000000, 0x00000006c5600000, 0x000000076ab00000)
  object space 88064K, 4% used [0x00000006c0000000,0x00000006c0429940,0x00000006c5600000)
 Metaspace       used 23213K, capacity 23718K, committed 24064K, reserved 1071104K
  class space    used 3137K, capacity 3232K, committed 3328K, reserved 1048576K
}

